time="28-Jul-2023 16:53:09.10" level=info msg="config loaded, start program...." app=__debug_bin3016655304
time="28-Jul-2023 16:53:09.13" level=info msg="cmdline:  -config e:\\Go\\skilfactory\\module40\\final\\apigw\\cmd/config.json" app=__debug_bin3016655304
time="28-Jul-2023 16:53:09.13" level=info msg="Start thread dowload rss" app=__debug_bin3016655304
time="28-Jul-2023 16:53:09.13" level=info msg="Init Http router" app=__debug_bin3016655304
time="28-Jul-2023 16:53:09.13" level=info msg="запуск потока загрузки новостей" app=__debug_bin3016655304
time="28-Jul-2023 16:53:09.13" level=info msg="Init Http server" app=__debug_bin3016655304
time="28-Jul-2023 16:58:39.71" level=error msg="Load news on server  localhost:10000, context deadline exceeded" app=__debug_bin3016655304
time="28-Jul-2023 16:58:39.80" level=error msg="Load news on server  localhost:10000, context deadline exceeded" app=__debug_bin3016655304
time="28-Jul-2023 16:58:40.01" level=error msg="Load news on server  localhost:10000, context deadline exceeded" app=__debug_bin3016655304
time="28-Jul-2023 16:58:40.32" level=error msg="Load news on server  localhost:10000, context deadline exceeded" app=__debug_bin3016655304
time="28-Jul-2023 17:01:39.52" level=error msg="Load news on server  localhost:10000, context deadline exceeded" app=__debug_bin3016655304
time="28-Jul-2023 17:01:39.59" level=error msg="Load news on server  localhost:10000, context deadline exceeded" app=__debug_bin3016655304
time="28-Jul-2023 17:01:39.68" level=error msg="Load news on server  localhost:10000, context deadline exceeded" app=__debug_bin3016655304
time="28-Jul-2023 17:01:40.05" level=error msg="Load news on server  localhost:10000, context deadline exceeded" app=__debug_bin3016655304
time="28-Jul-2023 17:04:39.55" level=error msg="Load news on server  localhost:10000, context deadline exceeded" app=__debug_bin3016655304
time="28-Jul-2023 17:04:39.58" level=error msg="Load news on server  localhost:10000, context deadline exceeded" app=__debug_bin3016655304
time="28-Jul-2023 17:04:39.70" level=error msg="Load news on server  localhost:10000, context deadline exceeded" app=__debug_bin3016655304
time="28-Jul-2023 17:04:39.97" level=error msg="Load news on server  localhost:10000, context deadline exceeded" app=__debug_bin3016655304
time="28-Jul-2023 17:07:39.51" level=error msg="Load news on server  localhost:10000, context deadline exceeded" app=__debug_bin3016655304
time="28-Jul-2023 17:07:39.56" level=error msg="Load news on server  localhost:10000, context deadline exceeded" app=__debug_bin3016655304
time="28-Jul-2023 17:07:39.68" level=error msg="Load news on server  localhost:10000, context deadline exceeded" app=__debug_bin3016655304
time="28-Jul-2023 17:07:40.07" level=error msg="Load news on server  localhost:10000, context deadline exceeded" app=__debug_bin3016655304
time="28-Jul-2023 17:10:39.56" level=error msg="Load news on server  localhost:10000, context deadline exceeded" app=__debug_bin3016655304
time="28-Jul-2023 17:10:39.59" level=error msg="Load news on server  localhost:10000, context deadline exceeded" app=__debug_bin3016655304
time="28-Jul-2023 17:10:39.70" level=error msg="Load news on server  localhost:10000, context deadline exceeded" app=__debug_bin3016655304
time="28-Jul-2023 17:10:40.01" level=error msg="Load news on server  localhost:10000, context deadline exceeded" app=__debug_bin3016655304
time="28-Jul-2023 17:13:39.55" level=error msg="Load news on server  localhost:10000, context deadline exceeded" app=__debug_bin3016655304
time="28-Jul-2023 17:13:39.58" level=error msg="Load news on server  localhost:10000, context deadline exceeded" app=__debug_bin3016655304
time="28-Jul-2023 17:13:39.71" level=error msg="Load news on server  localhost:10000, context deadline exceeded" app=__debug_bin3016655304
time="28-Jul-2023 17:13:40.02" level=error msg="Load news on server  localhost:10000, context deadline exceeded" app=__debug_bin3016655304
time="28-Jul-2023 17:16:39.59" level=error msg="Load news on server  localhost:10000, context deadline exceeded" app=__debug_bin3016655304
time="28-Jul-2023 17:16:39.62" level=error msg="Load news on server  localhost:10000, context deadline exceeded" app=__debug_bin3016655304
time="28-Jul-2023 17:16:39.71" level=error msg="Load news on server  localhost:10000, context deadline exceeded" app=__debug_bin3016655304
time="28-Jul-2023 17:16:40.02" level=error msg="Load news on server  localhost:10000, context deadline exceeded" app=__debug_bin3016655304
time="28-Jul-2023 17:19:39.57" level=error msg="Load news on server  localhost:10000, context deadline exceeded" app=__debug_bin3016655304
time="28-Jul-2023 17:19:39.61" level=error msg="Load news on server  localhost:10000, context deadline exceeded" app=__debug_bin3016655304
time="28-Jul-2023 17:19:39.72" level=error msg="Load news on server  localhost:10000, context deadline exceeded" app=__debug_bin3016655304
time="28-Jul-2023 17:19:40.03" level=error msg="Load news on server  localhost:10000, context deadline exceeded" app=__debug_bin3016655304
time="28-Jul-2023 17:22:39.58" level=error msg="Load news on server  localhost:10000, context deadline exceeded" app=__debug_bin3016655304
time="28-Jul-2023 17:22:39.62" level=error msg="Load news on server  localhost:10000, context deadline exceeded" app=__debug_bin3016655304
time="28-Jul-2023 17:22:39.74" level=error msg="Load news on server  localhost:10000, context deadline exceeded" app=__debug_bin3016655304
time="28-Jul-2023 17:22:40.02" level=error msg="Load news on server  localhost:10000, context deadline exceeded" app=__debug_bin3016655304
time="28-Jul-2023 17:25:39.62" level=error msg="Load news on server  localhost:10000, context deadline exceeded" app=__debug_bin3016655304
time="28-Jul-2023 17:25:39.66" level=error msg="Load news on server  localhost:10000, context deadline exceeded" app=__debug_bin3016655304
time="28-Jul-2023 17:25:39.77" level=error msg="Load news on server  localhost:10000, context deadline exceeded" app=__debug_bin3016655304
time="28-Jul-2023 17:25:40.04" level=error msg="Load news on server  localhost:10000, context deadline exceeded" app=__debug_bin3016655304
time="28-Jul-2023 17:28:39.73" level=error msg="Load news on server  localhost:10000, context deadline exceeded" app=__debug_bin3016655304
time="28-Jul-2023 17:28:39.74" level=error msg="Load news on server  localhost:10000, context deadline exceeded" app=__debug_bin3016655304
time="28-Jul-2023 17:28:39.88" level=error msg="Load news on server  localhost:10000, context deadline exceeded" app=__debug_bin3016655304
time="28-Jul-2023 17:28:40.30" level=error msg="Load news on server  localhost:10000, context deadline exceeded" app=__debug_bin3016655304
time="28-Jul-2023 17:31:39.71" level=error msg="Load news on server  localhost:10000, context deadline exceeded" app=__debug_bin3016655304
time="28-Jul-2023 17:31:39.79" level=error msg="Load news on server  localhost:10000, context deadline exceeded" app=__debug_bin3016655304
time="28-Jul-2023 17:31:39.87" level=error msg="Load news on server  localhost:10000, context deadline exceeded" app=__debug_bin3016655304
time="28-Jul-2023 17:31:40.16" level=error msg="Load news on server  localhost:10000, context deadline exceeded" app=__debug_bin3016655304
time="28-Jul-2023 17:34:39.62" level=error msg="Load news on server  localhost:10000, context deadline exceeded" app=__debug_bin3016655304
time="28-Jul-2023 17:34:39.67" level=error msg="Load news on server  localhost:10000, context deadline exceeded" app=__debug_bin3016655304
time="28-Jul-2023 17:34:39.81" level=error msg="Load news on server  localhost:10000, context deadline exceeded" app=__debug_bin3016655304
time="28-Jul-2023 17:34:40.09" level=error msg="Load news on server  localhost:10000, context deadline exceeded" app=__debug_bin3016655304
time="28-Jul-2023 17:37:39.64" level=error msg="Load news on server  localhost:10000, context deadline exceeded" app=__debug_bin3016655304
time="28-Jul-2023 17:37:39.86" level=error msg="Load news on server  localhost:10000, context deadline exceeded" app=__debug_bin3016655304
time="28-Jul-2023 17:37:40.13" level=error msg="Load news on server  localhost:10000, context deadline exceeded" app=__debug_bin3016655304
time="28-Jul-2023 17:40:39.94" level=error msg="Load news on server  localhost:10000, context deadline exceeded" app=__debug_bin3016655304
time="28-Jul-2023 17:40:40.20" level=error msg="Load news on server  localhost:10000, context deadline exceeded" app=__debug_bin3016655304
time="28-Jul-2023 17:43:39.86" level=error msg="Load news on server  localhost:10000, context deadline exceeded" app=__debug_bin3016655304
time="28-Jul-2023 17:43:40.13" level=error msg="Load news on server  localhost:10000, context deadline exceeded" app=__debug_bin3016655304
time="28-Jul-2023 17:46:39.89" level=error msg="Load news on server  localhost:10000, context deadline exceeded" app=__debug_bin3016655304
time="28-Jul-2023 17:46:40.32" level=error msg="Load news on server  localhost:10000, context deadline exceeded" app=__debug_bin3016655304
time="28-Jul-2023 17:49:39.82" level=error msg="Load news on server  localhost:10000, context deadline exceeded" app=__debug_bin3016655304
time="28-Jul-2023 17:49:40.15" level=error msg="Load news on server  localhost:10000, context deadline exceeded" app=__debug_bin3016655304
time="28-Jul-2023 17:52:39.82" level=error msg="Load news on server  localhost:10000, context deadline exceeded" app=__debug_bin3016655304
time="28-Jul-2023 17:52:40.05" level=error msg="Load news on server  localhost:10000, context deadline exceeded" app=__debug_bin3016655304
time="28-Jul-2023 17:55:39.85" level=error msg="Load news on server  localhost:10000, context deadline exceeded" app=__debug_bin3016655304
time="28-Jul-2023 17:55:40.13" level=error msg="Load news on server  localhost:10000, context deadline exceeded" app=__debug_bin3016655304
time="28-Jul-2023 17:58:39.85" level=error msg="Load news on server  localhost:10000, context deadline exceeded" app=__debug_bin3016655304
time="28-Jul-2023 17:58:40.13" level=error msg="Load news on server  localhost:10000, context deadline exceeded" app=__debug_bin3016655304
