time="24-Jul-2023 18:13:03.96" level=info msg="config loaded, start program...." func="main.main()" file="apicmd.go:42" app=apicmd
time="24-Jul-2023 18:13:03.98" level=info msg="cmdline:  -config E:\\Go\\skilfactory\\module40\\final\\apigw\\cmd/config.json -debug" func="main.main()" file="apicmd.go:43" app=apicmd
time="24-Jul-2023 18:13:03.98" level=debug msg="loaded config  Urls: \n\thttps://habr.com/ru/rss/hub/go/all/?fl=ru\n\thttps://habr.com/ru/rss/best/daily/?fl=ru\n\thttps://cprss.s3.amazonaws.com/golangweekly.com.xml\n\thttps://lenta.ru/rss\nPeriod: 180\nPort: 8080,\nNewsHost: localhost\n NewsPort: 10000\nCommentHost: localhost\nCommmentPort: 10001\nLogDir: e:/Go/skilfactory/module40/final/apigw/cmd" func="main.main()" file="apicmd.go:45" app=apicmd
time="24-Jul-2023 18:13:03.98" level=info msg="Start thread dowload rss" func="main.main()" file="apicmd.go:52" app=apicmd
time="24-Jul-2023 18:13:03.98" level=info msg="Init Http router" func="main.main()" file="apicmd.go:54" app=apicmd
time="24-Jul-2023 18:13:03.98" level=debug msg=" RPC connect  server: localhost:10000" func="gateway/apigw/pkg/rpcclient.Connect()" file="service.go:39" app=apicmd
time="24-Jul-2023 18:13:03.98" level=info msg="запуск потока загрузки новостей" func="gateway/apigw/pkg/rss.LoadNews()" file="rss.go:15" app=apicmd
time="24-Jul-2023 18:13:04.31" level=debug msg="Init router http" func="gateway/apigw/pkg/api.New()" file="api.go:33" app=apicmd
time="24-Jul-2023 18:13:04.31" level=info msg="Init Http server" func="main.main()" file="apicmd.go:61" app=apicmd
time="25-Jul-2023 11:13:22.19" level=info msg="config loaded, start program...." app=apicmd
time="25-Jul-2023 11:13:22.22" level=info msg="cmdline:  -config E:\\Go\\skilfactory\\module40\\final\\apigw\\cmd/config.json" app=apicmd
time="25-Jul-2023 11:13:22.22" level=info msg="Start thread dowload rss" app=apicmd
time="25-Jul-2023 11:13:22.22" level=info msg="Init Http router" app=apicmd
time="25-Jul-2023 11:13:22.22" level=info msg="запуск потока загрузки новостей" app=apicmd
time="25-Jul-2023 11:13:22.61" level=info msg="Init Http server" app=apicmd
time="25-Jul-2023 18:08:49.39" level=info msg="config loaded, start program...." app=apicmd
time="25-Jul-2023 18:08:49.42" level=info msg="cmdline:  -config E:\\Go\\skilfactory\\module40\\final\\apigw\\cmd/config.json" app=apicmd
time="25-Jul-2023 18:08:49.42" level=info msg="Start thread dowload rss" app=apicmd
time="25-Jul-2023 18:08:49.42" level=info msg="Init Http router" app=apicmd
time="25-Jul-2023 18:08:49.42" level=info msg="запуск потока загрузки новостей" app=apicmd
time="25-Jul-2023 18:08:49.73" level=info msg="Init Http server" app=apicmd
