time="26-Jul-2023 15:33:51.95" level=info msg="запуск приложения" app=newscmd
time="26-Jul-2023 15:33:51.97" level=info msg="командная строка  -config E:\\Go\\skilfactory\\module40\\final\\news\\cmd/config.json" app=newscmd
time="26-Jul-2023 17:04:14.88" level=info msg="запуск приложения" app=newscmd
time="26-Jul-2023 17:04:14.91" level=info msg="командная строка  -config E:\\Go\\skilfactory\\module40\\final\\news\\cmd/config.json" app=newscmd
time="26-Jul-2023 17:04:14.92" level=fatal msg="failed to listen: listen tcp 127.0.0.1:10000: bind: Only one usage of each socket address (protocol/network address/port) is normally permitted." app=newscmd
time="26-Jul-2023 17:29:45.08" level=info msg="запуск приложения" func="main.main()" file="newscmd.go:35" app=newscmd
time="26-Jul-2023 17:29:45.10" level=info msg="командная строка  -config E:\\Go\\skilfactory\\module40\\final\\news\\cmd/config.json -debug" func="main.main()" file="newscmd.go:36" app=newscmd
time="26-Jul-2023 17:29:45.10" level=debug msg=" Параметры конфигурации newsport: 10000, logdir: e:/Go/skilfactory/module40/final/news/cmd " func="main.main()" file="newscmd.go:37" app=newscmd
time="26-Jul-2023 17:29:45.10" level=debug msg="настрока параметров соединения  сервера" func="main.main()" file="newscmd.go:38" app=newscmd
time="26-Jul-2023 17:29:45.24" level=debug msg="map[rpc_news.RssService:{[{List false false} {ListPage false false} {GetNews false false} {Search false false} {AddNews true false}] apigetway.proto}]" func="gateway/news/pkg/service.RunServer()" file="service.go:30" app=newscmd
time="26-Jul-2023 17:33:13.11" level=debug msg="client send  data" func="gateway/news/pkg/service.(*RssServiceServer).AddNews()" file="service.go:50" app=newscmd
time="26-Jul-2023 17:33:13.23" level=debug msg="client send  data" func="gateway/news/pkg/service.(*RssServiceServer).AddNews()" file="service.go:50" app=newscmd
time="26-Jul-2023 17:33:13.23" level=debug msg="client send  data" func="gateway/news/pkg/service.(*RssServiceServer).AddNews()" file="service.go:50" app=newscmd
time="26-Jul-2023 17:33:13.63" level=debug msg="client send  data" func="gateway/news/pkg/service.(*RssServiceServer).AddNews()" file="service.go:50" app=newscmd
time="26-Jul-2023 17:33:14.19" level=debug msg="client's data has been processed" func="gateway/news/pkg/service.(*RssServiceServer).AddNews()" file="service.go:55" app=newscmd
time="26-Jul-2023 17:33:14.22" level=debug msg="client's data has been processed" func="gateway/news/pkg/service.(*RssServiceServer).AddNews()" file="service.go:55" app=newscmd
time="26-Jul-2023 17:33:14.60" level=debug msg="client's data has been processed" func="gateway/news/pkg/service.(*RssServiceServer).AddNews()" file="service.go:55" app=newscmd
time="26-Jul-2023 17:33:21.11" level=debug msg="client's data has been processed" func="gateway/news/pkg/service.(*RssServiceServer).AddNews()" file="service.go:55" app=newscmd
time="26-Jul-2023 17:36:12.68" level=debug msg="client send  data" func="gateway/news/pkg/service.(*RssServiceServer).AddNews()" file="service.go:50" app=newscmd
time="26-Jul-2023 17:36:12.69" level=debug msg="client send  data" func="gateway/news/pkg/service.(*RssServiceServer).AddNews()" file="service.go:50" app=newscmd
time="26-Jul-2023 17:36:12.89" level=debug msg="client send  data" func="gateway/news/pkg/service.(*RssServiceServer).AddNews()" file="service.go:50" app=newscmd
time="26-Jul-2023 17:36:13.13" level=debug msg="client send  data" func="gateway/news/pkg/service.(*RssServiceServer).AddNews()" file="service.go:50" app=newscmd
time="26-Jul-2023 17:36:13.24" level=debug msg="client's data has been processed" func="gateway/news/pkg/service.(*RssServiceServer).AddNews()" file="service.go:55" app=newscmd
time="26-Jul-2023 17:36:13.30" level=debug msg="client's data has been processed" func="gateway/news/pkg/service.(*RssServiceServer).AddNews()" file="service.go:55" app=newscmd
time="26-Jul-2023 17:36:13.30" level=debug msg="client's data has been processed" func="gateway/news/pkg/service.(*RssServiceServer).AddNews()" file="service.go:55" app=newscmd
time="26-Jul-2023 17:36:22.02" level=debug msg="client's data has been processed" func="gateway/news/pkg/service.(*RssServiceServer).AddNews()" file="service.go:55" app=newscmd
time="26-Jul-2023 17:39:12.77" level=debug msg="client send  data" func="gateway/news/pkg/service.(*RssServiceServer).AddNews()" file="service.go:50" app=newscmd
time="26-Jul-2023 17:39:12.77" level=debug msg="client send  data" func="gateway/news/pkg/service.(*RssServiceServer).AddNews()" file="service.go:50" app=newscmd
time="26-Jul-2023 17:39:12.97" level=debug msg="client send  data" func="gateway/news/pkg/service.(*RssServiceServer).AddNews()" file="service.go:50" app=newscmd
time="26-Jul-2023 17:39:13.28" level=debug msg="client send  data" func="gateway/news/pkg/service.(*RssServiceServer).AddNews()" file="service.go:50" app=newscmd
time="26-Jul-2023 17:39:13.40" level=debug msg="client's data has been processed" func="gateway/news/pkg/service.(*RssServiceServer).AddNews()" file="service.go:55" app=newscmd
time="26-Jul-2023 17:39:13.47" level=debug msg="client's data has been processed" func="gateway/news/pkg/service.(*RssServiceServer).AddNews()" file="service.go:55" app=newscmd
time="26-Jul-2023 17:39:13.47" level=debug msg="client's data has been processed" func="gateway/news/pkg/service.(*RssServiceServer).AddNews()" file="service.go:55" app=newscmd
time="26-Jul-2023 17:39:20.01" level=debug msg="client's data has been processed" func="gateway/news/pkg/service.(*RssServiceServer).AddNews()" file="service.go:55" app=newscmd
time="26-Jul-2023 17:42:12.65" level=debug msg="client send  data" func="gateway/news/pkg/service.(*RssServiceServer).AddNews()" file="service.go:50" app=newscmd
time="26-Jul-2023 17:42:12.68" level=debug msg="client send  data" func="gateway/news/pkg/service.(*RssServiceServer).AddNews()" file="service.go:50" app=newscmd
time="26-Jul-2023 17:42:13.10" level=debug msg="client send  data" func="gateway/news/pkg/service.(*RssServiceServer).AddNews()" file="service.go:50" app=newscmd
time="26-Jul-2023 17:42:13.11" level=debug msg="client send  data" func="gateway/news/pkg/service.(*RssServiceServer).AddNews()" file="service.go:50" app=newscmd
time="26-Jul-2023 17:42:13.23" level=debug msg="client's data has been processed" func="gateway/news/pkg/service.(*RssServiceServer).AddNews()" file="service.go:55" app=newscmd
time="26-Jul-2023 17:42:13.31" level=debug msg="client's data has been processed" func="gateway/news/pkg/service.(*RssServiceServer).AddNews()" file="service.go:55" app=newscmd
time="26-Jul-2023 17:42:13.34" level=debug msg="client's data has been processed" func="gateway/news/pkg/service.(*RssServiceServer).AddNews()" file="service.go:55" app=newscmd
time="26-Jul-2023 17:42:19.51" level=debug msg="client's data has been processed" func="gateway/news/pkg/service.(*RssServiceServer).AddNews()" file="service.go:55" app=newscmd
time="26-Jul-2023 17:43:53.31" level=debug msg="client send command list" func="gateway/news/pkg/service.(*RssServiceServer).List()" file="service.go:96" app=newscmd
time="26-Jul-2023 17:43:53.44" level=debug msg="client send command list proccesed count:  40" func="gateway/news/pkg/service.(*RssServiceServer).List()" file="service.go:112" app=newscmd
time="26-Jul-2023 17:45:12.66" level=debug msg="client send  data" func="gateway/news/pkg/service.(*RssServiceServer).AddNews()" file="service.go:50" app=newscmd
time="26-Jul-2023 17:45:12.69" level=debug msg="client send  data" func="gateway/news/pkg/service.(*RssServiceServer).AddNews()" file="service.go:50" app=newscmd
time="26-Jul-2023 17:45:12.85" level=debug msg="client send  data" func="gateway/news/pkg/service.(*RssServiceServer).AddNews()" file="service.go:50" app=newscmd
time="26-Jul-2023 17:45:13.25" level=debug msg="client send  data" func="gateway/news/pkg/service.(*RssServiceServer).AddNews()" file="service.go:50" app=newscmd
time="26-Jul-2023 17:45:13.27" level=debug msg="client's data has been processed" func="gateway/news/pkg/service.(*RssServiceServer).AddNews()" file="service.go:55" app=newscmd
time="26-Jul-2023 17:45:13.31" level=debug msg="client's data has been processed" func="gateway/news/pkg/service.(*RssServiceServer).AddNews()" file="service.go:55" app=newscmd
time="26-Jul-2023 17:45:13.37" level=debug msg="client's data has been processed" func="gateway/news/pkg/service.(*RssServiceServer).AddNews()" file="service.go:55" app=newscmd
time="26-Jul-2023 17:45:18.93" level=debug msg="client's data has been processed" func="gateway/news/pkg/service.(*RssServiceServer).AddNews()" file="service.go:55" app=newscmd
time="26-Jul-2023 17:48:12.71" level=debug msg="client send  data" func="gateway/news/pkg/service.(*RssServiceServer).AddNews()" file="service.go:50" app=newscmd
time="26-Jul-2023 17:48:12.71" level=debug msg="client send  data" func="gateway/news/pkg/service.(*RssServiceServer).AddNews()" file="service.go:50" app=newscmd
time="26-Jul-2023 17:48:12.82" level=debug msg="client send  data" func="gateway/news/pkg/service.(*RssServiceServer).AddNews()" file="service.go:50" app=newscmd
time="26-Jul-2023 17:48:13.22" level=debug msg="client send  data" func="gateway/news/pkg/service.(*RssServiceServer).AddNews()" file="service.go:50" app=newscmd
time="26-Jul-2023 17:48:13.34" level=debug msg="client's data has been processed" func="gateway/news/pkg/service.(*RssServiceServer).AddNews()" file="service.go:55" app=newscmd
time="26-Jul-2023 17:48:13.35" level=debug msg="client's data has been processed" func="gateway/news/pkg/service.(*RssServiceServer).AddNews()" file="service.go:55" app=newscmd
time="26-Jul-2023 17:48:13.38" level=debug msg="client's data has been processed" func="gateway/news/pkg/service.(*RssServiceServer).AddNews()" file="service.go:55" app=newscmd
time="26-Jul-2023 17:48:21.83" level=debug msg="client's data has been processed" func="gateway/news/pkg/service.(*RssServiceServer).AddNews()" file="service.go:55" app=newscmd
time="26-Jul-2023 17:51:12.93" level=debug msg="client send  data" func="gateway/news/pkg/service.(*RssServiceServer).AddNews()" file="service.go:50" app=newscmd
time="26-Jul-2023 17:51:12.96" level=debug msg="client send  data" func="gateway/news/pkg/service.(*RssServiceServer).AddNews()" file="service.go:50" app=newscmd
time="26-Jul-2023 17:51:13.10" level=debug msg="client send  data" func="gateway/news/pkg/service.(*RssServiceServer).AddNews()" file="service.go:50" app=newscmd
time="26-Jul-2023 17:51:13.40" level=debug msg="client send  data" func="gateway/news/pkg/service.(*RssServiceServer).AddNews()" file="service.go:50" app=newscmd
time="26-Jul-2023 17:51:13.58" level=debug msg="client's data has been processed" func="gateway/news/pkg/service.(*RssServiceServer).AddNews()" file="service.go:55" app=newscmd
time="26-Jul-2023 17:51:13.73" level=debug msg="client's data has been processed" func="gateway/news/pkg/service.(*RssServiceServer).AddNews()" file="service.go:55" app=newscmd
time="26-Jul-2023 17:51:13.77" level=debug msg="client's data has been processed" func="gateway/news/pkg/service.(*RssServiceServer).AddNews()" file="service.go:55" app=newscmd
time="26-Jul-2023 17:51:21.92" level=debug msg="client's data has been processed" func="gateway/news/pkg/service.(*RssServiceServer).AddNews()" file="service.go:55" app=newscmd
time="26-Jul-2023 17:54:12.71" level=debug msg="client send  data" func="gateway/news/pkg/service.(*RssServiceServer).AddNews()" file="service.go:50" app=newscmd
time="26-Jul-2023 17:54:12.74" level=debug msg="client send  data" func="gateway/news/pkg/service.(*RssServiceServer).AddNews()" file="service.go:50" app=newscmd
time="26-Jul-2023 17:54:12.82" level=debug msg="client send  data" func="gateway/news/pkg/service.(*RssServiceServer).AddNews()" file="service.go:50" app=newscmd
time="26-Jul-2023 17:54:13.17" level=debug msg="client send  data" func="gateway/news/pkg/service.(*RssServiceServer).AddNews()" file="service.go:50" app=newscmd
time="26-Jul-2023 17:54:13.30" level=debug msg="client's data has been processed" func="gateway/news/pkg/service.(*RssServiceServer).AddNews()" file="service.go:55" app=newscmd
time="26-Jul-2023 17:54:13.31" level=debug msg="client's data has been processed" func="gateway/news/pkg/service.(*RssServiceServer).AddNews()" file="service.go:55" app=newscmd
time="26-Jul-2023 17:54:13.34" level=debug msg="client's data has been processed" func="gateway/news/pkg/service.(*RssServiceServer).AddNews()" file="service.go:55" app=newscmd
time="26-Jul-2023 17:54:18.85" level=debug msg="client's data has been processed" func="gateway/news/pkg/service.(*RssServiceServer).AddNews()" file="service.go:55" app=newscmd
time="26-Jul-2023 17:57:12.74" level=debug msg="client send  data" func="gateway/news/pkg/service.(*RssServiceServer).AddNews()" file="service.go:50" app=newscmd
time="26-Jul-2023 17:57:12.74" level=debug msg="client send  data" func="gateway/news/pkg/service.(*RssServiceServer).AddNews()" file="service.go:50" app=newscmd
time="26-Jul-2023 17:57:13.00" level=debug msg="client send  data" func="gateway/news/pkg/service.(*RssServiceServer).AddNews()" file="service.go:50" app=newscmd
time="26-Jul-2023 17:57:13.24" level=debug msg="client send  data" func="gateway/news/pkg/service.(*RssServiceServer).AddNews()" file="service.go:50" app=newscmd
time="26-Jul-2023 17:57:13.34" level=debug msg="client's data has been processed" func="gateway/news/pkg/service.(*RssServiceServer).AddNews()" file="service.go:55" app=newscmd
time="26-Jul-2023 17:57:13.34" level=debug msg="client's data has been processed" func="gateway/news/pkg/service.(*RssServiceServer).AddNews()" file="service.go:55" app=newscmd
time="26-Jul-2023 17:57:13.36" level=debug msg="client's data has been processed" func="gateway/news/pkg/service.(*RssServiceServer).AddNews()" file="service.go:55" app=newscmd
time="26-Jul-2023 17:57:19.48" level=debug msg="client's data has been processed" func="gateway/news/pkg/service.(*RssServiceServer).AddNews()" file="service.go:55" app=newscmd
time="26-Jul-2023 18:00:12.73" level=debug msg="client send  data" func="gateway/news/pkg/service.(*RssServiceServer).AddNews()" file="service.go:50" app=newscmd
time="26-Jul-2023 18:00:12.76" level=debug msg="client send  data" func="gateway/news/pkg/service.(*RssServiceServer).AddNews()" file="service.go:50" app=newscmd
time="26-Jul-2023 18:00:13.24" level=debug msg="client send  data" func="gateway/news/pkg/service.(*RssServiceServer).AddNews()" file="service.go:50" app=newscmd
time="26-Jul-2023 18:00:13.32" level=debug msg="client's data has been processed" func="gateway/news/pkg/service.(*RssServiceServer).AddNews()" file="service.go:55" app=newscmd
time="26-Jul-2023 18:00:13.36" level=debug msg="client's data has been processed" func="gateway/news/pkg/service.(*RssServiceServer).AddNews()" file="service.go:55" app=newscmd
time="26-Jul-2023 18:00:13.37" level=debug msg="client's data has been processed" func="gateway/news/pkg/service.(*RssServiceServer).AddNews()" file="service.go:55" app=newscmd
time="26-Jul-2023 18:00:13.60" level=debug msg="client send  data" func="gateway/news/pkg/service.(*RssServiceServer).AddNews()" file="service.go:50" app=newscmd
time="26-Jul-2023 18:00:20.16" level=debug msg="client's data has been processed" func="gateway/news/pkg/service.(*RssServiceServer).AddNews()" file="service.go:55" app=newscmd
time="26-Jul-2023 18:03:12.76" level=debug msg="client send  data" func="gateway/news/pkg/service.(*RssServiceServer).AddNews()" file="service.go:50" app=newscmd
time="26-Jul-2023 18:03:12.77" level=debug msg="client send  data" func="gateway/news/pkg/service.(*RssServiceServer).AddNews()" file="service.go:50" app=newscmd
time="26-Jul-2023 18:03:12.88" level=debug msg="client send  data" func="gateway/news/pkg/service.(*RssServiceServer).AddNews()" file="service.go:50" app=newscmd
time="26-Jul-2023 18:03:13.17" level=debug msg="client send  data" func="gateway/news/pkg/service.(*RssServiceServer).AddNews()" file="service.go:50" app=newscmd
time="26-Jul-2023 18:03:13.30" level=debug msg="client's data has been processed" func="gateway/news/pkg/service.(*RssServiceServer).AddNews()" file="service.go:55" app=newscmd
time="26-Jul-2023 18:03:13.43" level=debug msg="client's data has been processed" func="gateway/news/pkg/service.(*RssServiceServer).AddNews()" file="service.go:55" app=newscmd
time="26-Jul-2023 18:03:13.46" level=debug msg="client's data has been processed" func="gateway/news/pkg/service.(*RssServiceServer).AddNews()" file="service.go:55" app=newscmd
time="26-Jul-2023 18:03:19.25" level=debug msg="client's data has been processed" func="gateway/news/pkg/service.(*RssServiceServer).AddNews()" file="service.go:55" app=newscmd
time="26-Jul-2023 18:06:12.84" level=debug msg="client send  data" func="gateway/news/pkg/service.(*RssServiceServer).AddNews()" file="service.go:50" app=newscmd
time="26-Jul-2023 18:06:12.84" level=debug msg="client send  data" func="gateway/news/pkg/service.(*RssServiceServer).AddNews()" file="service.go:50" app=newscmd
time="26-Jul-2023 18:06:13.12" level=debug msg="client send  data" func="gateway/news/pkg/service.(*RssServiceServer).AddNews()" file="service.go:50" app=newscmd
time="26-Jul-2023 18:06:13.68" level=debug msg="client's data has been processed" func="gateway/news/pkg/service.(*RssServiceServer).AddNews()" file="service.go:55" app=newscmd
time="26-Jul-2023 18:06:13.68" level=debug msg="client's data has been processed" func="gateway/news/pkg/service.(*RssServiceServer).AddNews()" file="service.go:55" app=newscmd
time="26-Jul-2023 18:06:13.73" level=debug msg="client send  data" func="gateway/news/pkg/service.(*RssServiceServer).AddNews()" file="service.go:50" app=newscmd
time="26-Jul-2023 18:06:13.87" level=debug msg="client's data has been processed" func="gateway/news/pkg/service.(*RssServiceServer).AddNews()" file="service.go:55" app=newscmd
time="26-Jul-2023 18:06:21.34" level=debug msg="client's data has been processed" func="gateway/news/pkg/service.(*RssServiceServer).AddNews()" file="service.go:55" app=newscmd
time="26-Jul-2023 18:09:12.86" level=debug msg="client send  data" func="gateway/news/pkg/service.(*RssServiceServer).AddNews()" file="service.go:50" app=newscmd
time="26-Jul-2023 18:09:12.86" level=debug msg="client send  data" func="gateway/news/pkg/service.(*RssServiceServer).AddNews()" file="service.go:50" app=newscmd
time="26-Jul-2023 18:09:13.05" level=debug msg="client send  data" func="gateway/news/pkg/service.(*RssServiceServer).AddNews()" file="service.go:50" app=newscmd
time="26-Jul-2023 18:09:13.41" level=debug msg="client send  data" func="gateway/news/pkg/service.(*RssServiceServer).AddNews()" file="service.go:50" app=newscmd
time="26-Jul-2023 18:09:13.66" level=debug msg="client's data has been processed" func="gateway/news/pkg/service.(*RssServiceServer).AddNews()" file="service.go:55" app=newscmd
time="26-Jul-2023 18:09:13.80" level=debug msg="client's data has been processed" func="gateway/news/pkg/service.(*RssServiceServer).AddNews()" file="service.go:55" app=newscmd
time="26-Jul-2023 18:09:13.80" level=debug msg="client's data has been processed" func="gateway/news/pkg/service.(*RssServiceServer).AddNews()" file="service.go:55" app=newscmd
time="26-Jul-2023 18:09:21.37" level=debug msg="client's data has been processed" func="gateway/news/pkg/service.(*RssServiceServer).AddNews()" file="service.go:55" app=newscmd
time="26-Jul-2023 18:12:12.78" level=debug msg="client send  data" func="gateway/news/pkg/service.(*RssServiceServer).AddNews()" file="service.go:50" app=newscmd
time="26-Jul-2023 18:12:12.93" level=debug msg="client send  data" func="gateway/news/pkg/service.(*RssServiceServer).AddNews()" file="service.go:50" app=newscmd
time="26-Jul-2023 18:12:12.95" level=debug msg="client send  data" func="gateway/news/pkg/service.(*RssServiceServer).AddNews()" file="service.go:50" app=newscmd
time="26-Jul-2023 18:12:13.19" level=debug msg="client send  data" func="gateway/news/pkg/service.(*RssServiceServer).AddNews()" file="service.go:50" app=newscmd
time="26-Jul-2023 18:12:13.35" level=debug msg="client's data has been processed" func="gateway/news/pkg/service.(*RssServiceServer).AddNews()" file="service.go:55" app=newscmd
time="26-Jul-2023 18:12:13.44" level=debug msg="client's data has been processed" func="gateway/news/pkg/service.(*RssServiceServer).AddNews()" file="service.go:55" app=newscmd
time="26-Jul-2023 18:12:13.63" level=debug msg="client's data has been processed" func="gateway/news/pkg/service.(*RssServiceServer).AddNews()" file="service.go:55" app=newscmd
time="26-Jul-2023 18:12:19.69" level=debug msg="client's data has been processed" func="gateway/news/pkg/service.(*RssServiceServer).AddNews()" file="service.go:55" app=newscmd
time="26-Jul-2023 18:15:12.82" level=debug msg="client send  data" func="gateway/news/pkg/service.(*RssServiceServer).AddNews()" file="service.go:50" app=newscmd
time="26-Jul-2023 18:15:13.11" level=debug msg="client send  data" func="gateway/news/pkg/service.(*RssServiceServer).AddNews()" file="service.go:50" app=newscmd
time="26-Jul-2023 18:15:13.32" level=debug msg="client send  data" func="gateway/news/pkg/service.(*RssServiceServer).AddNews()" file="service.go:50" app=newscmd
time="26-Jul-2023 18:15:13.44" level=debug msg="client's data has been processed" func="gateway/news/pkg/service.(*RssServiceServer).AddNews()" file="service.go:55" app=newscmd
time="26-Jul-2023 18:15:13.65" level=debug msg="client's data has been processed" func="gateway/news/pkg/service.(*RssServiceServer).AddNews()" file="service.go:55" app=newscmd
time="26-Jul-2023 18:15:21.38" level=debug msg="client's data has been processed" func="gateway/news/pkg/service.(*RssServiceServer).AddNews()" file="service.go:55" app=newscmd
time="26-Jul-2023 18:15:33.07" level=debug msg="client send  data" func="gateway/news/pkg/service.(*RssServiceServer).AddNews()" file="service.go:50" app=newscmd
time="26-Jul-2023 18:15:33.67" level=debug msg="client's data has been processed" func="gateway/news/pkg/service.(*RssServiceServer).AddNews()" file="service.go:55" app=newscmd
time="26-Jul-2023 18:18:12.79" level=debug msg="client send  data" func="gateway/news/pkg/service.(*RssServiceServer).AddNews()" file="service.go:50" app=newscmd
time="26-Jul-2023 18:18:12.83" level=debug msg="client send  data" func="gateway/news/pkg/service.(*RssServiceServer).AddNews()" file="service.go:50" app=newscmd
time="26-Jul-2023 18:18:12.96" level=debug msg="client send  data" func="gateway/news/pkg/service.(*RssServiceServer).AddNews()" file="service.go:50" app=newscmd
time="26-Jul-2023 18:18:13.24" level=debug msg="client send  data" func="gateway/news/pkg/service.(*RssServiceServer).AddNews()" file="service.go:50" app=newscmd
time="26-Jul-2023 18:18:13.36" level=debug msg="client's data has been processed" func="gateway/news/pkg/service.(*RssServiceServer).AddNews()" file="service.go:55" app=newscmd
time="26-Jul-2023 18:18:13.47" level=debug msg="client's data has been processed" func="gateway/news/pkg/service.(*RssServiceServer).AddNews()" file="service.go:55" app=newscmd
time="26-Jul-2023 18:18:13.51" level=debug msg="client's data has been processed" func="gateway/news/pkg/service.(*RssServiceServer).AddNews()" file="service.go:55" app=newscmd
time="26-Jul-2023 18:18:20.52" level=debug msg="client's data has been processed" func="gateway/news/pkg/service.(*RssServiceServer).AddNews()" file="service.go:55" app=newscmd
time="26-Jul-2023 18:21:12.93" level=debug msg="client send  data" func="gateway/news/pkg/service.(*RssServiceServer).AddNews()" file="service.go:50" app=newscmd
time="26-Jul-2023 18:21:12.97" level=debug msg="client send  data" func="gateway/news/pkg/service.(*RssServiceServer).AddNews()" file="service.go:50" app=newscmd
time="26-Jul-2023 18:21:13.18" level=debug msg="client send  data" func="gateway/news/pkg/service.(*RssServiceServer).AddNews()" file="service.go:50" app=newscmd
time="26-Jul-2023 18:21:13.43" level=debug msg="client send  data" func="gateway/news/pkg/service.(*RssServiceServer).AddNews()" file="service.go:50" app=newscmd
time="26-Jul-2023 18:21:13.56" level=debug msg="client's data has been processed" func="gateway/news/pkg/service.(*RssServiceServer).AddNews()" file="service.go:55" app=newscmd
time="26-Jul-2023 18:21:13.76" level=debug msg="client's data has been processed" func="gateway/news/pkg/service.(*RssServiceServer).AddNews()" file="service.go:55" app=newscmd
time="26-Jul-2023 18:21:13.81" level=debug msg="client's data has been processed" func="gateway/news/pkg/service.(*RssServiceServer).AddNews()" file="service.go:55" app=newscmd
time="26-Jul-2023 18:21:21.45" level=debug msg="client's data has been processed" func="gateway/news/pkg/service.(*RssServiceServer).AddNews()" file="service.go:55" app=newscmd
time="26-Jul-2023 18:37:35.16" level=debug msg="client send command list page" func="gateway/news/pkg/service.(*RssServiceServer).ListPage()" file="service.go:73" app=newscmd
time="26-Jul-2023 18:37:35.41" level=debug msg="client send command list proccesed count:  20" func="gateway/news/pkg/service.(*RssServiceServer).ListPage()" file="service.go:90" app=newscmd
time="26-Jul-2023 18:40:00.93" level=debug msg="client send  data" func="gateway/news/pkg/service.(*RssServiceServer).AddNews()" file="service.go:50" app=newscmd
time="26-Jul-2023 18:40:00.94" level=debug msg="client send  data" func="gateway/news/pkg/service.(*RssServiceServer).AddNews()" file="service.go:50" app=newscmd
time="26-Jul-2023 18:40:01.04" level=debug msg="client send  data" func="gateway/news/pkg/service.(*RssServiceServer).AddNews()" file="service.go:50" app=newscmd
time="26-Jul-2023 18:40:01.21" level=debug msg="client send  data" func="gateway/news/pkg/service.(*RssServiceServer).AddNews()" file="service.go:50" app=newscmd
time="26-Jul-2023 18:40:01.48" level=debug msg="client's data has been processed" func="gateway/news/pkg/service.(*RssServiceServer).AddNews()" file="service.go:55" app=newscmd
time="26-Jul-2023 18:40:01.69" level=debug msg="client's data has been processed" func="gateway/news/pkg/service.(*RssServiceServer).AddNews()" file="service.go:55" app=newscmd
time="26-Jul-2023 18:40:01.78" level=debug msg="client's data has been processed" func="gateway/news/pkg/service.(*RssServiceServer).AddNews()" file="service.go:55" app=newscmd
time="26-Jul-2023 18:40:07.08" level=debug msg="client's data has been processed" func="gateway/news/pkg/service.(*RssServiceServer).AddNews()" file="service.go:55" app=newscmd
time="26-Jul-2023 18:43:00.78" level=debug msg="client send  data" func="gateway/news/pkg/service.(*RssServiceServer).AddNews()" file="service.go:50" app=newscmd
time="26-Jul-2023 18:43:00.79" level=debug msg="client send  data" func="gateway/news/pkg/service.(*RssServiceServer).AddNews()" file="service.go:50" app=newscmd
time="26-Jul-2023 18:43:00.94" level=debug msg="client send  data" func="gateway/news/pkg/service.(*RssServiceServer).AddNews()" file="service.go:50" app=newscmd
time="26-Jul-2023 18:43:01.15" level=debug msg="client send  data" func="gateway/news/pkg/service.(*RssServiceServer).AddNews()" file="service.go:50" app=newscmd
time="26-Jul-2023 18:43:01.31" level=debug msg="client's data has been processed" func="gateway/news/pkg/service.(*RssServiceServer).AddNews()" file="service.go:55" app=newscmd
time="26-Jul-2023 18:43:01.43" level=debug msg="client's data has been processed" func="gateway/news/pkg/service.(*RssServiceServer).AddNews()" file="service.go:55" app=newscmd
time="26-Jul-2023 18:43:01.46" level=debug msg="client's data has been processed" func="gateway/news/pkg/service.(*RssServiceServer).AddNews()" file="service.go:55" app=newscmd
time="26-Jul-2023 18:43:07.02" level=debug msg="client's data has been processed" func="gateway/news/pkg/service.(*RssServiceServer).AddNews()" file="service.go:55" app=newscmd
time="26-Jul-2023 18:46:00.79" level=debug msg="client send  data" func="gateway/news/pkg/service.(*RssServiceServer).AddNews()" file="service.go:50" app=newscmd
time="26-Jul-2023 18:46:00.81" level=debug msg="client send  data" func="gateway/news/pkg/service.(*RssServiceServer).AddNews()" file="service.go:50" app=newscmd
time="26-Jul-2023 18:46:00.95" level=debug msg="client send  data" func="gateway/news/pkg/service.(*RssServiceServer).AddNews()" file="service.go:50" app=newscmd
time="26-Jul-2023 18:46:01.34" level=debug msg="client send  data" func="gateway/news/pkg/service.(*RssServiceServer).AddNews()" file="service.go:50" app=newscmd
time="26-Jul-2023 18:46:01.41" level=debug msg="client's data has been processed" func="gateway/news/pkg/service.(*RssServiceServer).AddNews()" file="service.go:55" app=newscmd
time="26-Jul-2023 18:46:01.42" level=debug msg="client's data has been processed" func="gateway/news/pkg/service.(*RssServiceServer).AddNews()" file="service.go:55" app=newscmd
time="26-Jul-2023 18:46:01.48" level=debug msg="client's data has been processed" func="gateway/news/pkg/service.(*RssServiceServer).AddNews()" file="service.go:55" app=newscmd
time="26-Jul-2023 18:46:07.08" level=debug msg="client's data has been processed" func="gateway/news/pkg/service.(*RssServiceServer).AddNews()" file="service.go:55" app=newscmd
time="26-Jul-2023 18:49:00.78" level=debug msg="client send  data" func="gateway/news/pkg/service.(*RssServiceServer).AddNews()" file="service.go:50" app=newscmd
time="26-Jul-2023 18:49:00.80" level=debug msg="client send  data" func="gateway/news/pkg/service.(*RssServiceServer).AddNews()" file="service.go:50" app=newscmd
time="26-Jul-2023 18:49:00.94" level=debug msg="client send  data" func="gateway/news/pkg/service.(*RssServiceServer).AddNews()" file="service.go:50" app=newscmd
time="26-Jul-2023 18:49:01.20" level=debug msg="client send  data" func="gateway/news/pkg/service.(*RssServiceServer).AddNews()" file="service.go:50" app=newscmd
time="26-Jul-2023 18:49:01.33" level=debug msg="client's data has been processed" func="gateway/news/pkg/service.(*RssServiceServer).AddNews()" file="service.go:55" app=newscmd
time="26-Jul-2023 18:49:01.40" level=debug msg="client's data has been processed" func="gateway/news/pkg/service.(*RssServiceServer).AddNews()" file="service.go:55" app=newscmd
time="26-Jul-2023 18:49:01.42" level=debug msg="client's data has been processed" func="gateway/news/pkg/service.(*RssServiceServer).AddNews()" file="service.go:55" app=newscmd
time="26-Jul-2023 18:49:07.10" level=debug msg="client's data has been processed" func="gateway/news/pkg/service.(*RssServiceServer).AddNews()" file="service.go:55" app=newscmd
time="26-Jul-2023 18:52:00.82" level=debug msg="client send  data" func="gateway/news/pkg/service.(*RssServiceServer).AddNews()" file="service.go:50" app=newscmd
time="26-Jul-2023 18:52:00.83" level=debug msg="client send  data" func="gateway/news/pkg/service.(*RssServiceServer).AddNews()" file="service.go:50" app=newscmd
time="26-Jul-2023 18:52:00.97" level=debug msg="client send  data" func="gateway/news/pkg/service.(*RssServiceServer).AddNews()" file="service.go:50" app=newscmd
time="26-Jul-2023 18:52:01.34" level=debug msg="client send  data" func="gateway/news/pkg/service.(*RssServiceServer).AddNews()" file="service.go:50" app=newscmd
time="26-Jul-2023 18:52:01.45" level=debug msg="client's data has been processed" func="gateway/news/pkg/service.(*RssServiceServer).AddNews()" file="service.go:55" app=newscmd
time="26-Jul-2023 18:52:01.45" level=debug msg="client's data has been processed" func="gateway/news/pkg/service.(*RssServiceServer).AddNews()" file="service.go:55" app=newscmd
time="26-Jul-2023 18:52:01.46" level=debug msg="client's data has been processed" func="gateway/news/pkg/service.(*RssServiceServer).AddNews()" file="service.go:55" app=newscmd
time="26-Jul-2023 18:52:07.03" level=debug msg="client's data has been processed" func="gateway/news/pkg/service.(*RssServiceServer).AddNews()" file="service.go:55" app=newscmd
time="26-Jul-2023 18:57:56.44" level=debug msg="client send  data" func="gateway/news/pkg/service.(*RssServiceServer).AddNews()" file="service.go:50" app=newscmd
time="26-Jul-2023 18:57:56.51" level=debug msg="client send  data" func="gateway/news/pkg/service.(*RssServiceServer).AddNews()" file="service.go:50" app=newscmd
time="26-Jul-2023 18:57:56.59" level=debug msg="client send  data" func="gateway/news/pkg/service.(*RssServiceServer).AddNews()" file="service.go:50" app=newscmd
time="26-Jul-2023 18:57:56.98" level=debug msg="client send  data" func="gateway/news/pkg/service.(*RssServiceServer).AddNews()" file="service.go:50" app=newscmd
time="26-Jul-2023 18:57:57.03" level=debug msg="client's data has been processed" func="gateway/news/pkg/service.(*RssServiceServer).AddNews()" file="service.go:55" app=newscmd
time="26-Jul-2023 18:57:57.10" level=debug msg="client's data has been processed" func="gateway/news/pkg/service.(*RssServiceServer).AddNews()" file="service.go:55" app=newscmd
time="26-Jul-2023 18:57:57.12" level=debug msg="client's data has been processed" func="gateway/news/pkg/service.(*RssServiceServer).AddNews()" file="service.go:55" app=newscmd
time="26-Jul-2023 18:58:02.67" level=debug msg="client's data has been processed" func="gateway/news/pkg/service.(*RssServiceServer).AddNews()" file="service.go:55" app=newscmd
time="26-Jul-2023 19:00:56.53" level=debug msg="client send  data" func="gateway/news/pkg/service.(*RssServiceServer).AddNews()" file="service.go:50" app=newscmd
time="26-Jul-2023 19:00:56.54" level=debug msg="client send  data" func="gateway/news/pkg/service.(*RssServiceServer).AddNews()" file="service.go:50" app=newscmd
time="26-Jul-2023 19:00:56.92" level=debug msg="client send  data" func="gateway/news/pkg/service.(*RssServiceServer).AddNews()" file="service.go:50" app=newscmd
time="26-Jul-2023 19:00:57.00" level=debug msg="client send  data" func="gateway/news/pkg/service.(*RssServiceServer).AddNews()" file="service.go:50" app=newscmd
time="26-Jul-2023 19:00:57.16" level=debug msg="client's data has been processed" func="gateway/news/pkg/service.(*RssServiceServer).AddNews()" file="service.go:55" app=newscmd
time="26-Jul-2023 19:00:57.33" level=debug msg="client's data has been processed" func="gateway/news/pkg/service.(*RssServiceServer).AddNews()" file="service.go:55" app=newscmd
time="26-Jul-2023 19:00:57.33" level=debug msg="client's data has been processed" func="gateway/news/pkg/service.(*RssServiceServer).AddNews()" file="service.go:55" app=newscmd
time="26-Jul-2023 19:01:08.08" level=debug msg="client's data has been processed" func="gateway/news/pkg/service.(*RssServiceServer).AddNews()" file="service.go:55" app=newscmd
time="26-Jul-2023 19:03:56.41" level=debug msg="client send  data" func="gateway/news/pkg/service.(*RssServiceServer).AddNews()" file="service.go:50" app=newscmd
time="26-Jul-2023 19:03:56.49" level=debug msg="client send  data" func="gateway/news/pkg/service.(*RssServiceServer).AddNews()" file="service.go:50" app=newscmd
time="26-Jul-2023 19:03:56.66" level=debug msg="client send  data" func="gateway/news/pkg/service.(*RssServiceServer).AddNews()" file="service.go:50" app=newscmd
time="26-Jul-2023 19:03:56.94" level=debug msg="client send  data" func="gateway/news/pkg/service.(*RssServiceServer).AddNews()" file="service.go:50" app=newscmd
time="26-Jul-2023 19:03:57.13" level=debug msg="client's data has been processed" func="gateway/news/pkg/service.(*RssServiceServer).AddNews()" file="service.go:55" app=newscmd
time="26-Jul-2023 19:03:57.25" level=debug msg="client's data has been processed" func="gateway/news/pkg/service.(*RssServiceServer).AddNews()" file="service.go:55" app=newscmd
time="26-Jul-2023 19:03:57.28" level=debug msg="client's data has been processed" func="gateway/news/pkg/service.(*RssServiceServer).AddNews()" file="service.go:55" app=newscmd
time="26-Jul-2023 19:04:09.46" level=debug msg="client's data has been processed" func="gateway/news/pkg/service.(*RssServiceServer).AddNews()" file="service.go:55" app=newscmd
time="26-Jul-2023 19:06:56.42" level=debug msg="client send  data" func="gateway/news/pkg/service.(*RssServiceServer).AddNews()" file="service.go:50" app=newscmd
time="26-Jul-2023 19:06:56.48" level=debug msg="client send  data" func="gateway/news/pkg/service.(*RssServiceServer).AddNews()" file="service.go:50" app=newscmd
time="26-Jul-2023 19:06:56.62" level=debug msg="client send  data" func="gateway/news/pkg/service.(*RssServiceServer).AddNews()" file="service.go:50" app=newscmd
time="26-Jul-2023 19:06:56.98" level=debug msg="client send  data" func="gateway/news/pkg/service.(*RssServiceServer).AddNews()" file="service.go:50" app=newscmd
time="26-Jul-2023 19:06:57.12" level=debug msg="client's data has been processed" func="gateway/news/pkg/service.(*RssServiceServer).AddNews()" file="service.go:55" app=newscmd
time="26-Jul-2023 19:06:57.21" level=debug msg="client's data has been processed" func="gateway/news/pkg/service.(*RssServiceServer).AddNews()" file="service.go:55" app=newscmd
time="26-Jul-2023 19:06:57.32" level=debug msg="client's data has been processed" func="gateway/news/pkg/service.(*RssServiceServer).AddNews()" file="service.go:55" app=newscmd
time="26-Jul-2023 19:07:06.44" level=debug msg="client's data has been processed" func="gateway/news/pkg/service.(*RssServiceServer).AddNews()" file="service.go:55" app=newscmd
time="26-Jul-2023 19:09:56.44" level=debug msg="client send  data" func="gateway/news/pkg/service.(*RssServiceServer).AddNews()" file="service.go:50" app=newscmd
time="26-Jul-2023 19:09:56.46" level=debug msg="client send  data" func="gateway/news/pkg/service.(*RssServiceServer).AddNews()" file="service.go:50" app=newscmd
time="26-Jul-2023 19:09:56.59" level=debug msg="client send  data" func="gateway/news/pkg/service.(*RssServiceServer).AddNews()" file="service.go:50" app=newscmd
time="26-Jul-2023 19:09:56.90" level=debug msg="client send  data" func="gateway/news/pkg/service.(*RssServiceServer).AddNews()" file="service.go:50" app=newscmd
time="26-Jul-2023 19:09:57.02" level=debug msg="client's data has been processed" func="gateway/news/pkg/service.(*RssServiceServer).AddNews()" file="service.go:55" app=newscmd
time="26-Jul-2023 19:09:57.05" level=debug msg="client's data has been processed" func="gateway/news/pkg/service.(*RssServiceServer).AddNews()" file="service.go:55" app=newscmd
time="26-Jul-2023 19:09:57.08" level=debug msg="client's data has been processed" func="gateway/news/pkg/service.(*RssServiceServer).AddNews()" file="service.go:55" app=newscmd
time="26-Jul-2023 19:10:03.40" level=debug msg="client's data has been processed" func="gateway/news/pkg/service.(*RssServiceServer).AddNews()" file="service.go:55" app=newscmd
time="26-Jul-2023 19:59:53.09" level=info msg="запуск приложения" app=newscmd
time="26-Jul-2023 19:59:53.12" level=info msg="командная строка  -config E:\\Go\\skilfactory\\module40\\final\\news\\cmd/config.json" app=newscmd
